<?xml version="1.0" encoding="UTF-8"?>
<!-- Generated by org.testng.reporters.JUnitXMLReporter -->
<testsuite ignored="0" hostname="LAPTOP-8I0U4VIC" failures="0" tests="12" name="Free CRM App Test Cases" time="258.645" errors="0" timestamp="15 Nov 2020 06:41:53 GMT">
  <testcase classname="com.crm.qa.testcases.Contactspagetest" name="@BeforeMethod setup" time="36.035">
    <failure type="org.openqa.selenium.TimeoutException" message="timeout: Timed out receiving message from renderer: 28.325
  (Session info: chrome=86.0.4240.193)
Build info: version: &amp;apos;3.14.0&amp;apos;, revision: &amp;apos;aacccce0&amp;apos;, time: &amp;apos;2018-08-02T20:19:58.91Z&amp;apos;
System info: host: &amp;apos;LAPTOP-8I0U4VIC&amp;apos;, ip: &amp;apos;192.168.43.206&amp;apos;, os.name: &amp;apos;Windows 10&amp;apos;, os.arch: &amp;apos;amd64&amp;apos;, os.version: &amp;apos;10.0&amp;apos;, java.version: &amp;apos;15.0.1&amp;apos;
Driver info: org.openqa.selenium.chrome.ChromeDriver
Capabilities {acceptInsecureCerts: false, browserName: chrome, browserVersion: 86.0.4240.193, chrome: {chromedriverVersion: 86.0.4240.22 (398b0743353ff..., userDataDir: C:\Users\souri\AppData\Loca...}, goog:chromeOptions: {debuggerAddress: localhost:50793}, javascriptEnabled: true, networkConnectionEnabled: false, pageLoadStrategy: normal, platform: WINDOWS, platformName: WINDOWS, proxy: Proxy(), setWindowRect: true, strictFileInteractability: false, timeouts: {implicit: 0, pageLoad: 300000, script: 30000}, unhandledPromptBehavior: dismiss and notify, webauthn:virtualAuthenticators: true}
Session ID: ea6ff4e7deafe029877b77af5dc63cd9">
      <![CDATA[org.openqa.selenium.TimeoutException: timeout: Timed out receiving message from renderer: 28.325
  (Session info: chrome=86.0.4240.193)
Build info: version: '3.14.0', revision: 'aacccce0', time: '2018-08-02T20:19:58.91Z'
System info: host: 'LAPTOP-8I0U4VIC', ip: '192.168.43.206', os.name: 'Windows 10', os.arch: 'amd64', os.version: '10.0', java.version: '15.0.1'
Driver info: org.openqa.selenium.chrome.ChromeDriver
Capabilities {acceptInsecureCerts: false, browserName: chrome, browserVersion: 86.0.4240.193, chrome: {chromedriverVersion: 86.0.4240.22 (398b0743353ff..., userDataDir: C:\Users\souri\AppData\Loca...}, goog:chromeOptions: {debuggerAddress: localhost:50793}, javascriptEnabled: true, networkConnectionEnabled: false, pageLoadStrategy: normal, platform: WINDOWS, platformName: WINDOWS, proxy: Proxy(), setWindowRect: true, strictFileInteractability: false, timeouts: {implicit: 0, pageLoad: 300000, script: 30000}, unhandledPromptBehavior: dismiss and notify, webauthn:virtualAuthenticators: true}
Session ID: ea6ff4e7deafe029877b77af5dc63cd9
	at org.openqa.selenium.remote.http.W3CHttpResponseCodec.createException(W3CHttpResponseCodec.java:187)
	at org.openqa.selenium.remote.http.W3CHttpResponseCodec.decode(W3CHttpResponseCodec.java:122)
	at org.openqa.selenium.remote.http.W3CHttpResponseCodec.decode(W3CHttpResponseCodec.java:49)
	at org.openqa.selenium.remote.HttpCommandExecutor.execute(HttpCommandExecutor.java:158)
	at org.openqa.selenium.remote.service.DriverCommandExecutor.execute(DriverCommandExecutor.java:83)
	at org.openqa.selenium.remote.RemoteWebDriver.execute(RemoteWebDriver.java:548)
	at org.openqa.selenium.remote.RemoteWebDriver.get(RemoteWebDriver.java:276)
	at org.openqa.selenium.support.events.EventFiringWebDriver.lambda$new$1(EventFiringWebDriver.java:105)
	at com.sun.proxy.$Proxy11.get(Unknown Source)
	at org.openqa.selenium.support.events.EventFiringWebDriver.get(EventFiringWebDriver.java:165)
	at com.crm.qa.base.Testbase.initialization(Testbase.java:53)
	at com.crm.qa.testcases.Contactspagetest.setup(Contactspagetest.java:29)
... Removed 36 stack frames]]>
    </failure>
  </testcase> <!-- @BeforeMethod setup -->
  <testcase classname="com.crm.qa.testcases.Contactspagetest" name="@BeforeMethod setup" time="0.0">
    <skipped/>
  </testcase> <!-- @BeforeMethod setup -->
  <testcase classname="com.crm.qa.testcases.Contactspagetest" name="@BeforeMethod setup" time="0.0">
    <skipped/>
  </testcase> <!-- @BeforeMethod setup -->
  <testcase classname="com.crm.qa.testcases.Contactspagetest" name="@BeforeMethod setup" time="0.0">
    <skipped/>
  </testcase> <!-- @BeforeMethod setup -->
  <testcase classname="com.crm.qa.testcases.Contactspagetest" name="@BeforeMethod setup" time="0.0">
    <skipped/>
  </testcase> <!-- @BeforeMethod setup -->
  <testcase classname="com.crm.qa.testcases.Loginpagetest" name="loginpagetitletest" time="0.024"/>
  <testcase classname="com.crm.qa.testcases.Homepagetest" name="verifyhomepagetitletest" time="0.026"/>
  <testcase classname="com.crm.qa.testcases.Contactspagetest" name="verifycontactspagelabeltest" time="0.087"/>
  <testcase classname="com.crm.qa.testcases.Loginpagetest" name="logoimagetest" time="0.114"/>
  <testcase classname="com.crm.qa.testcases.Homepagetest" name="verifyusernametest" time="0.132"/>
  <testcase classname="com.crm.qa.testcases.Contactspagetest" name="selectsinglecontactstest" time="0.0">
    <skipped/>
  </testcase> <!-- selectsinglecontactstest -->
  <testcase classname="com.crm.qa.testcases.Loginpagetest" name="logintest" time="9.846"/>
  <testcase classname="com.crm.qa.testcases.Homepagetest" name="verifycontactlisttest" time="4.773"/>
  <testcase classname="com.crm.qa.testcases.Contactspagetest" name="selectmultiplecontactstest" time="0.0">
    <skipped/>
  </testcase> <!-- selectmultiplecontactstest -->
  <testcase classname="com.crm.qa.testcases.Contactspagetest" name="validatecreatenewcontact" time="0.0">
    <skipped/>
  </testcase> <!-- validatecreatenewcontact -->
  <testcase classname="com.crm.qa.testcases.Contactspagetest" name="validatecreatenewcontact" time="0.0">
    <skipped/>
  </testcase> <!-- validatecreatenewcontact -->
  <testcase classname="com.crm.qa.testcases.Contactspagetest" name="validatecreatenewcontact" time="0.0">
    <skipped/>
  </testcase> <!-- validatecreatenewcontact -->
</testsuite> <!-- Free CRM App Test Cases -->
